<?xml version="1.0" encoding="UTF-8"?>
<testsuite xmlns:xsi="http://www.w3.org/2001/XMLSchema-instance" xsi:noNamespaceSchemaLocation="https://maven.apache.org/surefire/maven-surefire-plugin/xsd/surefire-test-report.xsd" version="3.0.2" name="fr.univrouen.rss25sb.service.FeedConverterServiceTest" time="0.087" tests="2" errors="0" skipped="0" failures="0">
  <properties>
[...]
</properties>
  <testcase name="testFonctionPubliqueFeedConversion" classname="fr.univrouen.rss25sb.service.FeedConverterServiceTest" time="0.034">
    <system-out><![CDATA[2025-05-27T11:13:48.056+02:00  INFO 18536 --- [rss25SB] [           main] t.c.s.AnnotationConfigContextLoaderUtils : Could not detect default configuration classes for test class [fr.univrouen.rss25sb.service.FeedConverterServiceTest]: FeedConverterServiceTest does not declare any static, non-private, non-final, nested classes annotated with @Configuration.
2025-05-27T11:13:48.090+02:00  INFO 18536 --- [rss25SB] [           main] .b.t.c.SpringBootTestContextBootstrapper : Found @SpringBootConfiguration fr.univrouen.rss25sb.Rss25SbApplication for test class fr.univrouen.rss25sb.service.FeedConverterServiceTest
[DEBUG_LOG] Converted XML: <?xml version="1.0" encoding="UTF-8"?><feed xmlns="http://univ.fr/rss25" lang="fr" version="25"><title>Test Feed</title><pubDate>2023-01-01T00:00:00Z</pubDate><copyright>© 2023 Test</copyright><link rel="self" type="application/xml" href="http://example.com"/><item><guid>12345678-1234-1234-1234-123456789012</guid><title>Test Item</title><category term="Test"/><published>2023-01-01T00:00:00Z</published><content type="html">Test content</content><author><name>Test Author</name></author></item></fe...
]]></system-out>
  </testcase>
  <testcase name="testLeMondeFeedConversion" classname="fr.univrouen.rss25sb.service.FeedConverterServiceTest" time="0.005">
    <system-out><![CDATA[[DEBUG_LOG] Converted XML: <?xml version="1.0" encoding="UTF-8"?><feed xmlns="http://univ.fr/rss25" lang="fr" version="25"><title>Test Feed</title><pubDate>2023-01-01T00:00:00Z</pubDate><copyright>© 2023 Test</copyright><link rel="self" type="application/xml" href="http://example.com"/><item><guid>12345678-1234-1234-1234-123456789012</guid><title>Test Item</title><category term="Test"/><published>2023-01-01T00:00:00Z</published><content type="html">Test content</content><author><name>Test Author</name></author></item></fe...
]]></system-out>
  </testcase>
</testsuite>